0 info it worked if it ends with ok
1 verbose cli [ '/usr/local/bin/node',
1 verbose cli   '/usr/local/bin/npm',
1 verbose cli   'install',
1 verbose cli   '-g',
1 verbose cli   'ds18b20' ]
2 info using npm@1.4.28
3 info using node@v0.10.35
4 verbose cache add [ 'ds18b20', null ]
5 verbose cache add name=undefined spec="ds18b20" args=["ds18b20",null]
6 verbose parsed url { protocol: null,
6 verbose parsed url   slashes: null,
6 verbose parsed url   auth: null,
6 verbose parsed url   host: null,
6 verbose parsed url   port: null,
6 verbose parsed url   hostname: null,
6 verbose parsed url   hash: null,
6 verbose parsed url   search: null,
6 verbose parsed url   query: null,
6 verbose parsed url   pathname: 'ds18b20',
6 verbose parsed url   path: 'ds18b20',
6 verbose parsed url   href: 'ds18b20' }
7 silly lockFile 9f7adb61-ds18b20 ds18b20
8 verbose lock ds18b20 /home/pi/.npm/9f7adb61-ds18b20.lock
9 silly lockFile 9f7adb61-ds18b20 ds18b20
10 silly lockFile 9f7adb61-ds18b20 ds18b20
11 verbose addNamed [ 'ds18b20', '' ]
12 verbose addNamed [ null, '*' ]
13 silly lockFile a30c14b9-ds18b20 ds18b20@
14 verbose lock ds18b20@ /home/pi/.npm/a30c14b9-ds18b20.lock
15 silly addNameRange { name: 'ds18b20', range: '*', hasData: false }
16 verbose request where is /ds18b20
17 verbose request registry https://registry.npmjs.org/
18 verbose request id 2ab97d773ca93eae
19 verbose url raw /ds18b20
20 verbose url resolving [ 'https://registry.npmjs.org/', './ds18b20' ]
21 verbose url resolved https://registry.npmjs.org/ds18b20
22 verbose request where is https://registry.npmjs.org/ds18b20
23 info trying registry request attempt 1 at 01:57:43
24 http GET https://registry.npmjs.org/ds18b20
25 http 200 https://registry.npmjs.org/ds18b20
26 silly registry.get cb [ 200,
26 silly registry.get   { date: 'Wed, 04 Feb 2015 00:57:45 GMT',
26 silly registry.get     server: 'CouchDB/1.5.0 (Erlang OTP/R16B03)',
26 silly registry.get     etag: '"9BOX0U4PTR3QK4XO5SS6YPFNW"',
26 silly registry.get     'content-type': 'application/json',
26 silly registry.get     'cache-control': 'max-age=60',
26 silly registry.get     'content-length': '4508',
26 silly registry.get     'accept-ranges': 'bytes',
26 silly registry.get     via: '1.1 varnish',
26 silly registry.get     age: '0',
26 silly registry.get     'x-served-by': 'cache-fra1227-FRA',
26 silly registry.get     'x-cache': 'MISS',
26 silly registry.get     'x-cache-hits': '0',
26 silly registry.get     'x-timer': 'S1423011464.438998,VS0,VE740',
26 silly registry.get     vary: 'Accept',
26 silly registry.get     'keep-alive': 'timeout=10, max=50',
26 silly registry.get     connection: 'Keep-Alive' } ]
27 silly addNameRange number 2 { name: 'ds18b20', range: '*', hasData: true }
28 silly addNameRange versions [ 'ds18b20', [ '0.0.1', '0.0.2' ] ]
29 verbose addNamed [ 'ds18b20', '0.0.2' ]
30 verbose addNamed [ '0.0.2', '0.0.2' ]
31 silly lockFile a01065b6-ds18b20-0-0-2 ds18b20@0.0.2
32 verbose lock ds18b20@0.0.2 /home/pi/.npm/a01065b6-ds18b20-0-0-2.lock
33 silly lockFile 070ca6c8-js-org-ds18b20-ds18b20-0-0-2-tgz https://registry.npmjs.org/ds18b20/-/ds18b20-0.0.2.tgz
34 verbose lock https://registry.npmjs.org/ds18b20/-/ds18b20-0.0.2.tgz /home/pi/.npm/070ca6c8-js-org-ds18b20-ds18b20-0-0-2-tgz.lock
35 verbose addRemoteTarball [ 'https://registry.npmjs.org/ds18b20/-/ds18b20-0.0.2.tgz',
35 verbose addRemoteTarball   '56a2989464cf37aacd8c482caaaaa7bfe81a4d4f' ]
36 info retry fetch attempt 1 at 01:57:45
37 verbose fetch to= /tmp/npm-8556-RTVtSjmm/registry.npmjs.org/ds18b20/-/ds18b20-0.0.2.tgz
38 http GET https://registry.npmjs.org/ds18b20/-/ds18b20-0.0.2.tgz
39 http 200 https://registry.npmjs.org/ds18b20/-/ds18b20-0.0.2.tgz
40 silly lockFile 070ca6c8-js-org-ds18b20-ds18b20-0-0-2-tgz https://registry.npmjs.org/ds18b20/-/ds18b20-0.0.2.tgz
41 silly lockFile 070ca6c8-js-org-ds18b20-ds18b20-0-0-2-tgz https://registry.npmjs.org/ds18b20/-/ds18b20-0.0.2.tgz
42 silly lockFile a01065b6-ds18b20-0-0-2 ds18b20@0.0.2
43 silly lockFile a01065b6-ds18b20-0-0-2 ds18b20@0.0.2
44 silly lockFile a30c14b9-ds18b20 ds18b20@
45 silly lockFile a30c14b9-ds18b20 ds18b20@
46 silly resolved [ { name: 'ds18b20',
46 silly resolved     version: '0.0.2',
46 silly resolved     description: 'Get temperature from the DS18B20 sensor connected to RPI',
46 silly resolved     author:
46 silly resolved      { name: 'Christophe Hamerling',
46 silly resolved        email: 'christophe.hamerling@gmail.com' },
46 silly resolved     homepage: 'http://chamerling.github.io/ds18b20/',
46 silly resolved     keywords: [ 'raspberry', 'pi', 'sensor', 'iot', 'rpi', 'ds18b20' ],
46 silly resolved     repository:
46 silly resolved      { type: 'git',
46 silly resolved        url: 'https://github.com/chamerling/ds18b20.git' },
46 silly resolved     licenses: [ [Object] ],
46 silly resolved     bugs: { url: 'https://github.com/chamerling/ds18b20/issues' },
46 silly resolved     _id: 'ds18b20@0.0.2',
46 silly resolved     dist:
46 silly resolved      { shasum: '56a2989464cf37aacd8c482caaaaa7bfe81a4d4f',
46 silly resolved        tarball: 'http://registry.npmjs.org/ds18b20/-/ds18b20-0.0.2.tgz' },
46 silly resolved     _from: 'ds18b20@',
46 silly resolved     _npmVersion: '1.4.3',
46 silly resolved     _npmUser: { name: 'chamerling', email: 'chamerling@linagora.com' },
46 silly resolved     maintainers: [ [Object] ],
46 silly resolved     directories: {},
46 silly resolved     _shasum: '56a2989464cf37aacd8c482caaaaa7bfe81a4d4f',
46 silly resolved     _resolved: 'https://registry.npmjs.org/ds18b20/-/ds18b20-0.0.2.tgz' } ]
47 info install ds18b20@0.0.2 into /usr/local/lib
48 info installOne ds18b20@0.0.2
49 verbose lib/node_modules/ds18b20 unbuild
50 verbose tar unpack /home/pi/.npm/ds18b20/0.0.2/package.tgz
51 silly lockFile 794e1001-r-local-lib-node-modules-ds18b20 tar:///usr/local/lib/node_modules/ds18b20
52 verbose lock tar:///usr/local/lib/node_modules/ds18b20 /home/pi/.npm/794e1001-r-local-lib-node-modules-ds18b20.lock
53 silly lockFile 5897e4da-pi-npm-ds18b20-0-0-2-package-tgz tar:///home/pi/.npm/ds18b20/0.0.2/package.tgz
54 verbose lock tar:///home/pi/.npm/ds18b20/0.0.2/package.tgz /home/pi/.npm/5897e4da-pi-npm-ds18b20-0-0-2-package-tgz.lock
55 silly gunzTarPerm modes [ '755', '644' ]
56 error Error: EACCES, mkdir '/usr/local/lib/node_modules/ds18b20'
56 error  { [Error: EACCES, mkdir '/usr/local/lib/node_modules/ds18b20']
56 error   errno: 3,
56 error   code: 'EACCES',
56 error   path: '/usr/local/lib/node_modules/ds18b20',
56 error   fstream_type: 'Directory',
56 error   fstream_path: '/usr/local/lib/node_modules/ds18b20',
56 error   fstream_class: 'DirWriter',
56 error   fstream_stack:
56 error    [ '/usr/local/lib/node_modules/npm/node_modules/fstream/lib/dir-writer.js:36:23',
56 error      '/usr/local/lib/node_modules/npm/node_modules/mkdirp/index.js:46:53',
56 error      'Object.oncomplete (fs.js:108:15)' ] }
57 error Please try running this command again as root/Administrator.
58 error System Linux 3.12.35+
59 error command "/usr/local/bin/node" "/usr/local/bin/npm" "install" "-g" "ds18b20"
60 error cwd /home/pi/Desktop/node
61 error node -v v0.10.35
62 error npm -v 1.4.28
63 error path /usr/local/lib/node_modules/ds18b20
64 error fstream_path /usr/local/lib/node_modules/ds18b20
65 error fstream_type Directory
66 error fstream_class DirWriter
67 error code EACCES
68 error errno 3
69 error stack Error: EACCES, mkdir '/usr/local/lib/node_modules/ds18b20'
70 error fstream_stack /usr/local/lib/node_modules/npm/node_modules/fstream/lib/dir-writer.js:36:23
70 error fstream_stack /usr/local/lib/node_modules/npm/node_modules/mkdirp/index.js:46:53
70 error fstream_stack Object.oncomplete (fs.js:108:15)
71 verbose exit [ 3, true ]
